2025-04-22 23:14:53 [32minfo[39m: GET /
2025-04-22 23:14:53 [32minfo[39m: GET /favicon.ico
2025-04-22 23:27:31 [32minfo[39m: POST /api/users/register
2025-04-22 23:28:06 [32minfo[39m: POST /api/users/register
2025-04-22 23:32:22 [32minfo[39m: POST /api/users/register
2025-04-22 23:35:29 [32minfo[39m: POST /api/users/register
2025-04-22 23:36:13 [32minfo[39m: POST /api/users/register
2025-04-22 23:38:09 [32minfo[39m: POST /api/users/register
2025-04-22 23:38:26 [32minfo[39m: POST /api/users/register
2025-04-22 23:40:15 [32minfo[39m: POST /api/users/login
2025-04-22 23:48:28 [32minfo[39m: POST /api/users/login
2025-04-23 17:22:18 [32minfo[39m: POST /api/users/login
2025-04-23 19:08:31 [32minfo[39m: POST /users/login
2025-04-23 19:09:09 [32minfo[39m: POST /users/register
2025-04-23 19:09:10 [32minfo[39m: POST /users/register
2025-04-23 19:09:11 [32minfo[39m: POST /users/register
2025-04-23 19:11:40 [32minfo[39m: POST /users/login
2025-04-23 19:15:01 [32minfo[39m: POST /users/login
2025-04-23 19:24:41 [32minfo[39m: POST /users/login
2025-04-23 20:57:21 [32minfo[39m: GET /api/users/login
2025-04-23 20:59:35 [32minfo[39m: GET /api/users/login
2025-04-23 21:15:39 [32minfo[39m: GET /api/users/login
2025-04-23 21:22:07 [32minfo[39m: GET /
2025-04-23 21:22:07 [32minfo[39m: GET /favicon.ico
2025-04-23 21:26:06 [32minfo[39m: GET /
2025-04-23 21:26:06 [32minfo[39m: GET /favicon.ico
2025-04-23 21:26:08 [32minfo[39m: GET /
2025-04-23 22:30:08 [32minfo[39m: POST /api/users/login
2025-04-23 22:31:51 [32minfo[39m: POST /api/users/register
2025-04-23 22:31:52 [32minfo[39m: POST /api/users/register
2025-04-23 22:31:55 [32minfo[39m: POST /api/users/register
2025-04-23 22:32:25 [32minfo[39m: POST /api/users/login
2025-04-23 22:32:45 [32minfo[39m: POST /api/users/login
2025-04-23 22:35:59 [32minfo[39m: GET /api/users/register
2025-04-23 22:47:11 [32minfo[39m: POST /api/users/register
2025-04-23 22:48:29 [32minfo[39m: POST /api/users/register
2025-04-23 22:51:52 [32minfo[39m: GET /api/users/register
2025-04-23 22:52:39 [32minfo[39m: POST /api/users/login
2025-04-23 22:54:15 [32minfo[39m: POST /api/users/register
2025-04-23 22:56:25 [32minfo[39m: POST /api/users/register
2025-04-27 00:55:50 [32minfo[39m: POST /api/users/register
2025-04-27 00:57:47 [32minfo[39m: POST /api/users/login
2025-04-27 01:28:12 [32minfo[39m: POST /api/users/register
2025-04-27 01:28:48 [32minfo[39m: POST /api/users/login
2025-04-27 14:18:17 [32minfo[39m: POST /api/users/register
2025-04-27 14:40:16 [32minfo[39m: POST /api/users/login
2025-04-27 15:19:54 [32minfo[39m: GET /api/users
2025-04-27 15:20:05 [32minfo[39m: GET /
2025-04-27 15:21:24 [32minfo[39m: POST /api/users/register
2025-04-27 15:24:10 [32minfo[39m: POST /api/users/register
2025-04-27 15:24:42 [32minfo[39m: POST /api/users/register
2025-04-27 15:25:39 [32minfo[39m: POST /api/users/register
2025-04-27 15:26:51 [32minfo[39m: POST /api/users/register
2025-04-27 15:30:35 [32minfo[39m: POST /api/users/register
2025-04-27 15:30:43 [32minfo[39m: POST /api/users/register
2025-04-27 15:35:23 [32minfo[39m: GET /
2025-04-27 15:35:23 [32minfo[39m: GET /favicon.ico
2025-04-27 15:35:44 [32minfo[39m: POST /api/users/register
2025-04-27 15:36:31 [32minfo[39m: POST /api/users/register
2025-04-27 15:37:07 [32minfo[39m: POST /api/users/register
2025-04-27 15:51:54 [32minfo[39m: POST /api/users/register
2025-04-27 15:54:54 [32minfo[39m: POST /api/users/register
2025-04-27 15:55:31 [32minfo[39m: POST /api/users/login
2025-04-27 15:56:00 [32minfo[39m: POST /api/users/login
2025-04-27 16:04:02 [32minfo[39m: POST /api/users/login
2025-04-27 16:04:08 [32minfo[39m: POST /api/users/login
2025-04-27 16:05:11 [32minfo[39m: POST /api/users/register
2025-04-27 16:05:48 [32minfo[39m: POST /api/users/login
2025-04-27 16:10:04 [32minfo[39m: POST /api/users/login
2025-04-28 00:01:06 [32minfo[39m: POST /api/users/register
2025-04-28 00:01:31 [32minfo[39m: POST /api/users/register
2025-04-28 00:03:43 [32minfo[39m: POST /api/users/register
2025-04-28 00:05:52 [32minfo[39m: POST /api/users/register
2025-04-28 00:09:15 [32minfo[39m: POST /api/users/register
2025-04-28 00:49:01 [32minfo[39m: POST /api/users/register
2025-04-28 00:54:24 [32minfo[39m: POST /api/users/register
2025-04-28 00:54:29 [32minfo[39m: POST /api/users/register
2025-04-28 00:58:17 [32minfo[39m: POST /api/users/register
2025-04-28 11:29:48 [32minfo[39m: POST /api/food/donate
2025-04-28 11:29:50 [32minfo[39m: POST /api/food/donate
2025-04-28 11:33:41 [32minfo[39m: POST /api/food/donate
2025-04-28 11:34:04 [32minfo[39m: POST /api/food/donate
2025-04-28 11:43:57 [32minfo[39m: POST /api/users/register
2025-04-28 11:50:04 [32minfo[39m: POST /api/users/register
2025-04-28 11:50:24 [32minfo[39m: POST /api/users/login
2025-04-28 11:50:39 [32minfo[39m: POST /api/users/login
2025-04-28 11:50:57 [32minfo[39m: POST /api/users/login
2025-04-28 11:50:58 [32minfo[39m: POST /api/users/login
2025-04-28 11:51:01 [32minfo[39m: POST /api/users/login
